<?xml version="1.0" encoding="UTF-8"?>

<!DOCTYPE beans PUBLIC "-//SPRING//DTD BEAN//EN" 
	"http://www.springframework.org/dtd/spring-beans.dtd">

<!--
  -
  - Application context
  -
  - The central point of entry for building an application context.
  -
  -->
  
<beans>


	<!-- 
		
		Context Resources
		
	 -->
	 
	 
	<import resource="classpath:/com/tracktacular/service/test/context/test-imadpCore.context.xml"/>
	<import resource="classpath:/com/tracktacular/service/test/context/test-imadpService.context.xml"/>
	
	
	<!-- 
	
		Properties
		
	 -->
	 
	 
	<bean id="testPropertyPlaceholderConfigurer" 
	class="org.springframework.beans.factory.config.PropertyPlaceholderConfigurer">
		<property name="ignoreUnresolvablePlaceholders" value="false"/>
		<property name="placeholderPrefix" value="$test{"/>
		<property name="locations">
	    	<list>
				<value>classpath:/com/tracktacular/service/test/context/test-imadpService.properties</value>
	    	</list>
		</property>
	</bean>
	
	
</beans>
